<?xml version="1.0" encoding="UTF-8"?>
<!-- Generated by org.testng.reporters.JUnitXMLReporter -->
<testsuite hostname="Baburao-PC" ignored="2" name="Test" tests="3" failures="2" timestamp="16 Mar 2018 08:25:38 GMT" time="29.197" errors="0">
  <testcase name="Xperia" time="0.012" classname="Ecommerce.EcomD2">
    <failure type="java.lang.NullPointerException">
      <![CDATA[java.lang.NullPointerException
	at Ecommerce.EcomD2.Xperia(EcomD2.java:12)
	at java.util.concurrent.FutureTask.run(FutureTask.java:266)
	at java.util.concurrent.ThreadPoolExecutor.runWorker(ThreadPoolExecutor.java:1149)
	at java.util.concurrent.ThreadPoolExecutor$Worker.run(ThreadPoolExecutor.java:624)
	at java.lang.Thread.run(Thread.java:748)
... Removed 16 stack frames]]>
    </failure>
  </testcase> <!-- Xperia -->
  <testcase name="MobileLogin" time="8.664" classname="Ecommerce.EcomD1"/>
  <testcase name="MobileLogin" time="0.001" classname="Ecommerce.EcomD1">
    <failure type="java.lang.NullPointerException">
      <![CDATA[java.lang.NullPointerException
	at Ecommerce.EcomD1.MobileLogin(EcomD1.java:13)
	at java.util.concurrent.FutureTask.run(FutureTask.java:266)
	at java.util.concurrent.ThreadPoolExecutor.runWorker(ThreadPoolExecutor.java:1149)
	at java.util.concurrent.ThreadPoolExecutor$Worker.run(ThreadPoolExecutor.java:624)
	at java.lang.Thread.run(Thread.java:748)
... Removed 16 stack frames]]>
    </failure>
  </testcase> <!-- MobileLogin -->
  <testcase name="@AfterTest CloseBrowser" time="0.0" classname="Utils.BaseBrow">
    <ignored/>
  </testcase> <!-- @AfterTest CloseBrowser -->
  <testcase name="@BeforeTest BrowserOpen" time="0.0" classname="Utils.BaseBrow">
    <ignored/>
  </testcase> <!-- @BeforeTest BrowserOpen -->
</testsuite> <!-- Test -->
